TN:
SF:controllers\appointmentController.js
FN:7,(anonymous_0)
FN:116,(anonymous_1)
FN:175,(anonymous_2)
FN:281,(anonymous_3)
FN:371,(anonymous_4)
FN:401,(anonymous_5)
FN:449,(anonymous_6)
FN:481,(anonymous_7)
FN:515,(anonymous_8)
FN:591,(anonymous_9)
FN:655,(anonymous_10)
FN:735,(anonymous_11)
FN:774,(anonymous_12)
FN:820,(anonymous_13)
FN:885,(anonymous_14)
FN:945,(anonymous_15)
FN:1012,(anonymous_16)
FNF:17
FNH:0
FNDA:0,(anonymous_0)
FNDA:0,(anonymous_1)
FNDA:0,(anonymous_2)
FNDA:0,(anonymous_3)
FNDA:0,(anonymous_4)
FNDA:0,(anonymous_5)
FNDA:0,(anonymous_6)
FNDA:0,(anonymous_7)
FNDA:0,(anonymous_8)
FNDA:0,(anonymous_9)
FNDA:0,(anonymous_10)
FNDA:0,(anonymous_11)
FNDA:0,(anonymous_12)
FNDA:0,(anonymous_13)
FNDA:0,(anonymous_14)
FNDA:0,(anonymous_15)
FNDA:0,(anonymous_16)
DA:1,0
DA:2,0
DA:7,0
DA:8,0
DA:19,0
DA:21,0
DA:22,0
DA:25,0
DA:28,0
DA:29,0
DA:30,0
DA:35,0
DA:36,0
DA:38,0
DA:39,0
DA:40,0
DA:45,0
DA:50,0
DA:51,0
DA:58,0
DA:59,0
DA:62,0
DA:63,0
DA:66,0
DA:67,0
DA:70,0
DA:71,0
DA:74,0
DA:75,0
DA:78,0
DA:79,0
DA:83,0
DA:90,0
DA:92,0
DA:105,0
DA:106,0
DA:116,0
DA:117,0
DA:118,0
DA:120,0
DA:152,0
DA:153,0
DA:159,0
DA:164,0
DA:165,0
DA:175,0
DA:176,0
DA:190,0
DA:193,0
DA:196,0
DA:207,0
DA:208,0
DA:215,0
DA:232,0
DA:264,0
DA:270,0
DA:271,0
DA:281,0
DA:282,0
DA:283,0
DA:284,0
DA:286,0
DA:287,0
DA:288,0
DA:295,0
DA:296,0
DA:310,0
DA:311,0
DA:319,0
DA:322,0
DA:354,0
DA:360,0
DA:361,0
DA:371,0
DA:372,0
DA:373,0
DA:375,0
DA:376,0
DA:377,0
DA:383,0
DA:385,0
DA:390,0
DA:391,0
DA:401,0
DA:402,0
DA:403,0
DA:404,0
DA:405,0
DA:406,0
DA:407,0
DA:410,0
DA:411,0
DA:412,0
DA:413,0
DA:414,0
DA:416,0
DA:420,0
DA:426,0
DA:438,0
DA:439,0
DA:449,0
DA:450,0
DA:451,0
DA:453,0
DA:454,0
DA:461,0
DA:462,0
DA:463,0
DA:470,0
DA:481,0
DA:484,0
DA:485,0
DA:486,0
DA:488,0
DA:489,0
DA:491,0
DA:492,0
DA:493,0
DA:494,0
DA:496,0
DA:499,0
DA:504,0
DA:505,0
DA:515,0
DA:516,0
DA:517,0
DA:519,0
DA:551,0
DA:552,0
DA:559,0
DA:560,0
DA:561,0
DA:566,0
DA:567,0
DA:568,0
DA:575,0
DA:580,0
DA:581,0
DA:591,0
DA:592,0
DA:593,0
DA:594,0
DA:596,0
DA:603,0
DA:604,0
DA:611,0
DA:612,0
DA:619,0
DA:620,0
DA:621,0
DA:622,0
DA:623,0
DA:624,0
DA:625,0
DA:631,0
DA:638,0
DA:644,0
DA:645,0
DA:655,0
DA:656,0
DA:657,0
DA:658,0
DA:660,0
DA:661,0
DA:667,0
DA:674,0
DA:675,0
DA:682,0
DA:683,0
DA:687,0
DA:688,0
DA:695,0
DA:705,0
DA:706,0
DA:712,0
DA:718,0
DA:724,0
DA:725,0
DA:735,0
DA:736,0
DA:737,0
DA:739,0
DA:741,0
DA:742,0
DA:748,0
DA:749,0
DA:755,0
DA:757,0
DA:763,0
DA:764,0
DA:774,0
DA:775,0
DA:776,0
DA:777,0
DA:779,0
DA:781,0
DA:782,0
DA:788,0
DA:789,0
DA:795,0
DA:803,0
DA:809,0
DA:810,0
DA:820,0
DA:821,0
DA:822,0
DA:823,0
DA:825,0
DA:827,0
DA:828,0
DA:831,0
DA:832,0
DA:835,0
DA:869,0
DA:874,0
DA:875,0
DA:885,0
DA:886,0
DA:887,0
DA:888,0
DA:890,0
DA:891,0
DA:893,0
DA:894,0
DA:897,0
DA:898,0
DA:901,0
DA:921,0
DA:934,0
DA:935,0
DA:945,0
DA:946,0
DA:947,0
DA:948,0
DA:950,0
DA:951,0
DA:953,0
DA:954,0
DA:957,0
DA:958,0
DA:963,0
DA:988,0
DA:1001,0
DA:1002,0
DA:1012,0
DA:1013,0
DA:1014,0
DA:1016,0
DA:1017,0
DA:1023,0
DA:1025,0
DA:1077,0
DA:1090,0
DA:1091,0
DA:1098,0
LF:255
LH:0
BRDA:10,0,0,0
BRDA:11,1,0,0
BRDA:12,2,0,0
BRDA:13,3,0,0
BRDA:14,4,0,0
BRDA:15,5,0,0
BRDA:16,6,0,0
BRDA:17,7,0,0
BRDA:18,8,0,0
BRDA:25,9,0,0
BRDA:25,9,1,0
BRDA:29,10,0,0
BRDA:29,10,1,0
BRDA:36,11,0,0
BRDA:36,11,1,0
BRDA:39,12,0,0
BRDA:39,12,1,0
BRDA:50,13,0,0
BRDA:50,13,1,0
BRDA:58,14,0,0
BRDA:58,14,1,0
BRDA:62,15,0,0
BRDA:62,15,1,0
BRDA:62,16,0,0
BRDA:62,16,1,0
BRDA:66,17,0,0
BRDA:66,17,1,0
BRDA:66,18,0,0
BRDA:66,18,1,0
BRDA:66,18,2,0
BRDA:70,19,0,0
BRDA:70,19,1,0
BRDA:74,20,0,0
BRDA:74,20,1,0
BRDA:78,21,0,0
BRDA:78,21,1,0
BRDA:152,22,0,0
BRDA:152,22,1,0
BRDA:207,23,0,0
BRDA:207,23,1,0
BRDA:287,24,0,0
BRDA:287,24,1,0
BRDA:295,25,0,0
BRDA:295,25,1,0
BRDA:295,26,0,0
BRDA:295,26,1,0
BRDA:299,27,0,0
BRDA:299,27,1,0
BRDA:300,28,0,0
BRDA:300,28,1,0
BRDA:310,29,0,0
BRDA:310,29,1,0
BRDA:376,30,0,0
BRDA:376,30,1,0
BRDA:453,31,0,0
BRDA:453,31,1,0
BRDA:453,32,0,0
BRDA:453,32,1,0
BRDA:462,33,0,0
BRDA:462,33,1,0
BRDA:493,34,0,0
BRDA:493,34,1,0
BRDA:551,35,0,0
BRDA:551,35,1,0
BRDA:559,36,0,0
BRDA:559,36,1,0
BRDA:560,37,0,0
BRDA:560,37,1,0
BRDA:566,38,0,0
BRDA:566,38,1,0
BRDA:567,39,0,0
BRDA:567,39,1,0
BRDA:603,40,0,0
BRDA:603,40,1,0
BRDA:611,41,0,0
BRDA:611,41,1,0
BRDA:620,42,0,0
BRDA:620,42,1,0
BRDA:620,43,0,0
BRDA:620,43,1,0
BRDA:622,44,0,0
BRDA:622,44,1,0
BRDA:622,45,0,0
BRDA:622,45,1,0
BRDA:624,46,0,0
BRDA:624,46,1,0
BRDA:633,47,0,0
BRDA:633,47,1,0
BRDA:660,48,0,0
BRDA:660,48,1,0
BRDA:660,49,0,0
BRDA:660,49,1,0
BRDA:674,50,0,0
BRDA:674,50,1,0
BRDA:682,51,0,0
BRDA:682,51,1,0
BRDA:682,52,0,0
BRDA:682,52,1,0
BRDA:687,53,0,0
BRDA:687,53,1,0
BRDA:687,54,0,0
BRDA:687,54,1,0
BRDA:705,55,0,0
BRDA:705,55,1,0
BRDA:741,56,0,0
BRDA:741,56,1,0
BRDA:748,57,0,0
BRDA:748,57,1,0
BRDA:781,58,0,0
BRDA:781,58,1,0
BRDA:788,59,0,0
BRDA:788,59,1,0
BRDA:823,60,0,0
BRDA:823,61,0,0
BRDA:827,62,0,0
BRDA:827,62,1,0
BRDA:831,63,0,0
BRDA:831,63,1,0
BRDA:888,64,0,0
BRDA:888,65,0,0
BRDA:888,66,0,0
BRDA:888,67,0,0
BRDA:893,68,0,0
BRDA:893,68,1,0
BRDA:897,69,0,0
BRDA:897,69,1,0
BRDA:948,70,0,0
BRDA:948,71,0,0
BRDA:948,72,0,0
BRDA:948,73,0,0
BRDA:953,74,0,0
BRDA:953,74,1,0
BRDA:957,75,0,0
BRDA:957,75,1,0
BRDA:1014,76,0,0
BRDA:1014,77,0,0
BRDA:1014,78,0,0
BRDA:1016,79,0,0
BRDA:1016,79,1,0
BRF:139
BRH:0
end_of_record
TN:
SF:controllers\authController.js
FN:7,(anonymous_0)
FN:16,(anonymous_1)
FN:65,(anonymous_2)
FN:91,(anonymous_3)
FN:156,(anonymous_4)
FN:178,(anonymous_5)
FN:217,(anonymous_6)
FN:261,(anonymous_7)
FN:302,(anonymous_8)
FN:346,(anonymous_9)
FN:391,(anonymous_10)
FNF:11
FNH:1
FNDA:0,(anonymous_0)
FNDA:0,(anonymous_1)
FNDA:0,(anonymous_2)
FNDA:0,(anonymous_3)
FNDA:0,(anonymous_4)
FNDA:0,(anonymous_5)
FNDA:0,(anonymous_6)
FNDA:0,(anonymous_7)
FNDA:0,(anonymous_8)
FNDA:0,(anonymous_9)
FNDA:2,(anonymous_10)
DA:2,1
DA:3,1
DA:4,1
DA:7,1
DA:8,0
DA:16,1
DA:17,0
DA:18,0
DA:19,0
DA:22,0
DA:23,0
DA:24,0
DA:31,0
DA:42,0
DA:44,0
DA:61,0
DA:64,0
DA:65,0
DA:66,0
DA:73,0
DA:74,0
DA:80,0
DA:91,1
DA:92,0
DA:93,0
DA:96,0
DA:97,0
DA:98,0
DA:105,0
DA:106,0
DA:113,0
DA:114,0
DA:115,0
DA:122,0
DA:125,0
DA:127,0
DA:145,0
DA:146,0
DA:156,1
DA:157,0
DA:158,0
DA:162,0
DA:167,0
DA:168,0
DA:178,1
DA:179,0
DA:190,0
DA:193,0
DA:195,0
DA:196,0
DA:203,0
DA:216,0
DA:217,0
DA:218,0
DA:219,0
DA:224,0
DA:225,0
DA:232,0
DA:236,0
DA:244,0
DA:245,0
DA:250,0
DA:261,1
DA:262,0
DA:263,0
DA:265,0
DA:266,0
DA:267,0
DA:274,0
DA:275,0
DA:276,0
DA:283,0
DA:284,0
DA:286,0
DA:291,0
DA:292,0
DA:302,1
DA:303,0
DA:304,0
DA:306,0
DA:307,0
DA:308,0
DA:315,0
DA:320,0
DA:327,0
DA:335,0
DA:336,0
DA:346,1
DA:347,0
DA:348,0
DA:351,0
DA:353,0
DA:354,0
DA:355,0
DA:362,0
DA:363,0
DA:370,0
DA:371,0
DA:372,0
DA:373,0
DA:375,0
DA:380,0
DA:381,0
DA:391,1
DA:392,2
DA:395,2
DA:400,1
DA:401,1
DA:408,1
LF:109
LH:17
BRDA:9,0,0,0
BRDA:9,0,1,0
BRDA:19,1,0,0
BRDA:23,2,0,0
BRDA:23,2,1,0
BRDA:64,3,0,0
BRDA:64,3,1,0
BRDA:73,4,0,0
BRDA:73,4,1,0
BRDA:97,5,0,0
BRDA:97,5,1,0
BRDA:105,6,0,0
BRDA:105,6,1,0
BRDA:114,7,0,0
BRDA:114,7,1,0
BRDA:195,8,0,0
BRDA:195,8,1,0
BRDA:218,9,0,0
BRDA:218,9,1,0
BRDA:218,10,0,0
BRDA:218,10,1,0
BRDA:218,10,2,0
BRDA:224,11,0,0
BRDA:224,11,1,0
BRDA:253,12,0,0
BRDA:253,12,1,0
BRDA:266,13,0,0
BRDA:266,13,1,0
BRDA:275,14,0,0
BRDA:275,14,1,0
BRDA:307,15,0,0
BRDA:307,15,1,0
BRDA:354,16,0,0
BRDA:354,16,1,0
BRDA:362,17,0,0
BRDA:362,17,1,0
BRF:36
BRH:0
end_of_record
TN:
SF:controllers\departmentController.js
FN:7,(anonymous_0)
FN:65,(anonymous_1)
FN:102,(anonymous_2)
FN:170,(anonymous_3)
FN:220,(anonymous_4)
FN:262,(anonymous_5)
FN:310,(anonymous_6)
FN:355,(anonymous_7)
FN:417,(anonymous_8)
FN:457,(anonymous_9)
FNF:10
FNH:0
FNDA:0,(anonymous_0)
FNDA:0,(anonymous_1)
FNDA:0,(anonymous_2)
FNDA:0,(anonymous_3)
FNDA:0,(anonymous_4)
FNDA:0,(anonymous_5)
FNDA:0,(anonymous_6)
FNDA:0,(anonymous_7)
FNDA:0,(anonymous_8)
FNDA:0,(anonymous_9)
DA:1,0
DA:2,0
DA:7,0
DA:8,0
DA:14,0
DA:16,0
DA:17,0
DA:20,0
DA:21,0
DA:28,0
DA:29,0
DA:32,0
DA:39,0
DA:41,0
DA:54,0
DA:55,0
DA:65,0
DA:66,0
DA:67,0
DA:69,0
DA:79,0
DA:80,0
DA:86,0
DA:91,0
DA:92,0
DA:102,0
DA:103,0
DA:120,0
DA:123,0
DA:127,0
DA:128,0
DA:135,0
DA:153,0
DA:159,0
DA:160,0
DA:170,0
DA:171,0
DA:172,0
DA:173,0
DA:175,0
DA:176,0
DA:177,0
DA:184,0
DA:185,0
DA:192,0
DA:193,0
DA:201,0
DA:203,0
DA:209,0
DA:210,0
DA:220,0
DA:221,0
DA:222,0
DA:224,0
DA:225,0
DA:226,0
DA:233,0
DA:237,0
DA:238,0
DA:244,0
DA:246,0
DA:251,0
DA:252,0
DA:262,0
DA:263,0
DA:264,0
DA:265,0
DA:266,0
DA:267,0
DA:270,0
DA:288,0
DA:299,0
DA:300,0
DA:310,0
DA:311,0
DA:312,0
DA:314,0
DA:332,0
DA:333,0
DA:339,0
DA:344,0
DA:345,0
DA:355,0
DA:356,0
DA:357,0
DA:358,0
DA:360,0
DA:361,0
DA:362,0
DA:368,0
DA:369,0
DA:374,0
DA:375,0
DA:378,0
DA:392,0
DA:406,0
DA:407,0
DA:417,0
DA:418,0
DA:419,0
DA:421,0
DA:422,0
DA:428,0
DA:430,0
DA:457,0
DA:463,0
DA:476,0
DA:477,0
DA:484,0
LF:109
LH:0
BRDA:10,0,0,0
BRDA:11,1,0,0
BRDA:12,2,0,0
BRDA:13,3,0,0
BRDA:20,4,0,0
BRDA:20,4,1,0
BRDA:28,5,0,0
BRDA:28,5,1,0
BRDA:79,6,0,0
BRDA:79,6,1,0
BRDA:127,7,0,0
BRDA:127,7,1,0
BRDA:176,8,0,0
BRDA:176,8,1,0
BRDA:184,9,0,0
BRDA:184,9,1,0
BRDA:184,10,0,0
BRDA:184,10,1,0
BRDA:192,11,0,0
BRDA:192,11,1,0
BRDA:225,12,0,0
BRDA:225,12,1,0
BRDA:237,13,0,0
BRDA:237,13,1,0
BRDA:332,14,0,0
BRDA:332,14,1,0
BRDA:358,15,0,0
BRDA:358,16,0,0
BRDA:358,17,0,0
BRDA:361,18,0,0
BRDA:361,18,1,0
BRDA:374,19,0,0
BRDA:374,19,1,0
BRDA:419,20,0,0
BRDA:419,21,0,0
BRDA:419,22,0,0
BRDA:421,23,0,0
BRDA:421,23,1,0
BRDA:459,24,0,0
BRDA:459,24,1,0
BRF:40
BRH:0
end_of_record
TN:
SF:controllers\doctorController.js
FN:10,(anonymous_0)
FN:95,(anonymous_1)
FN:137,(anonymous_2)
FN:239,(anonymous_3)
FN:288,(anonymous_4)
FN:318,(anonymous_5)
FN:360,(anonymous_6)
FN:406,(anonymous_7)
FN:448,(anonymous_8)
FN:497,(anonymous_9)
FN:527,(anonymous_10)
FN:577,(anonymous_11)
FN:639,(anonymous_12)
FN:720,(anonymous_13)
FN:755,(anonymous_14)
FN:802,(anonymous_15)
FN:829,(anonymous_16)
FN:853,(anonymous_17)
FN:895,(anonymous_18)
FN:954,(anonymous_19)
FN:1017,(anonymous_20)
FNF:21
FNH:0
FNDA:0,(anonymous_0)
FNDA:0,(anonymous_1)
FNDA:0,(anonymous_2)
FNDA:0,(anonymous_3)
FNDA:0,(anonymous_4)
FNDA:0,(anonymous_5)
FNDA:0,(anonymous_6)
FNDA:0,(anonymous_7)
FNDA:0,(anonymous_8)
FNDA:0,(anonymous_9)
FNDA:0,(anonymous_10)
FNDA:0,(anonymous_11)
FNDA:0,(anonymous_12)
FNDA:0,(anonymous_13)
FNDA:0,(anonymous_14)
FNDA:0,(anonymous_15)
FNDA:0,(anonymous_16)
FNDA:0,(anonymous_17)
FNDA:0,(anonymous_18)
FNDA:0,(anonymous_19)
FNDA:0,(anonymous_20)
DA:1,0
DA:2,0
DA:3,0
DA:4,0
DA:5,0
DA:10,0
DA:11,0
DA:20,0
DA:22,0
DA:23,0
DA:26,0
DA:27,0
DA:34,0
DA:35,0
DA:38,0
DA:39,0
DA:42,0
DA:43,0
DA:46,0
DA:47,0
DA:50,0
DA:69,0
DA:71,0
DA:84,0
DA:85,0
DA:95,0
DA:96,0
DA:97,0
DA:99,0
DA:114,0
DA:115,0
DA:121,0
DA:126,0
DA:127,0
DA:137,0
DA:138,0
DA:161,0
DA:164,0
DA:174,0
DA:175,0
DA:182,0
DA:207,0
DA:222,0
DA:228,0
DA:229,0
DA:239,0
DA:240,0
DA:241,0
DA:242,0
DA:244,0
DA:245,0
DA:246,0
DA:253,0
DA:256,0
DA:271,0
DA:277,0
DA:278,0
DA:288,0
DA:289,0
DA:290,0
DA:292,0
DA:293,0
DA:294,0
DA:300,0
DA:302,0
DA:307,0
DA:308,0
DA:318,0
DA:319,0
DA:320,0
DA:321,0
DA:322,0
DA:323,0
DA:326,0
DA:338,0
DA:349,0
DA:350,0
DA:360,0
DA:361,0
DA:362,0
DA:364,0
DA:369,0
DA:370,0
DA:373,0
DA:390,0
DA:395,0
DA:396,0
DA:406,0
DA:407,0
DA:408,0
DA:410,0
DA:425,0
DA:426,0
DA:432,0
DA:437,0
DA:438,0
DA:448,0
DA:449,0
DA:450,0
DA:452,0
DA:466,0
DA:467,0
DA:474,0
DA:475,0
DA:481,0
DA:486,0
DA:487,0
DA:497,0
DA:498,0
DA:499,0
DA:500,0
DA:502,0
DA:506,0
DA:507,0
DA:514,0
DA:515,0
DA:522,0
DA:523,0
DA:525,0
DA:527,0
DA:528,0
DA:529,0
DA:531,0
DA:536,0
DA:537,0
DA:541,0
DA:542,0
DA:546,0
DA:560,0
DA:566,0
DA:567,0
DA:577,0
DA:578,0
DA:579,0
DA:581,0
DA:582,0
DA:588,0
DA:592,0
DA:593,0
DA:600,0
DA:601,0
DA:608,0
DA:609,0
DA:610,0
DA:611,0
DA:616,0
DA:617,0
DA:619,0
DA:628,0
DA:629,0
DA:639,0
DA:640,0
DA:641,0
DA:642,0
DA:644,0
DA:645,0
DA:646,0
DA:653,0
DA:654,0
DA:660,0
DA:661,0
DA:663,0
DA:664,0
DA:667,0
DA:668,0
DA:671,0
DA:696,0
DA:709,0
DA:710,0
DA:720,0
DA:721,0
DA:722,0
DA:724,0
DA:728,0
DA:729,0
DA:735,0
DA:744,0
DA:745,0
DA:755,0
DA:756,0
DA:757,0
DA:758,0
DA:760,0
DA:761,0
DA:762,0
DA:769,0
DA:770,0
DA:776,0
DA:777,0
DA:778,0
DA:780,0
DA:782,0
DA:791,0
DA:792,0
DA:802,0
DA:803,0
DA:804,0
DA:805,0
DA:807,0
DA:811,0
DA:812,0
DA:819,0
DA:820,0
DA:821,0
DA:829,0
DA:832,0
DA:842,0
DA:843,0
DA:853,0
DA:854,0
DA:855,0
DA:856,0
DA:858,0
DA:859,0
DA:860,0
DA:867,0
DA:868,0
DA:874,0
DA:876,0
DA:884,0
DA:885,0
DA:895,0
DA:896,0
DA:897,0
DA:898,0
DA:900,0
DA:901,0
DA:902,0
DA:908,0
DA:910,0
DA:930,0
DA:943,0
DA:944,0
DA:954,0
DA:955,0
DA:956,0
DA:958,0
DA:959,0
DA:961,0
DA:962,0
DA:965,0
DA:985,0
DA:993,0
DA:1006,0
DA:1007,0
DA:1017,0
DA:1018,0
DA:1019,0
DA:1020,0
DA:1022,0
DA:1024,0
DA:1047,0
DA:1060,0
DA:1061,0
DA:1068,0
LF:255
LH:0
BRDA:13,0,0,0
BRDA:14,1,0,0
BRDA:15,2,0,0
BRDA:16,3,0,0
BRDA:17,4,0,0
BRDA:18,5,0,0
BRDA:19,6,0,0
BRDA:26,7,0,0
BRDA:26,7,1,0
BRDA:34,8,0,0
BRDA:34,8,1,0
BRDA:38,9,0,0
BRDA:38,9,1,0
BRDA:42,10,0,0
BRDA:42,10,1,0
BRDA:46,11,0,0
BRDA:46,11,1,0
BRDA:114,12,0,0
BRDA:114,12,1,0
BRDA:174,13,0,0
BRDA:174,13,1,0
BRDA:245,14,0,0
BRDA:245,14,1,0
BRDA:293,15,0,0
BRDA:293,15,1,0
BRDA:369,16,0,0
BRDA:369,16,1,0
BRDA:425,17,0,0
BRDA:425,17,1,0
BRDA:466,18,0,0
BRDA:466,18,1,0
BRDA:474,19,0,0
BRDA:474,19,1,0
BRDA:474,20,0,0
BRDA:474,20,1,0
BRDA:506,21,0,0
BRDA:506,21,1,0
BRDA:514,22,0,0
BRDA:514,22,1,0
BRDA:514,23,0,0
BRDA:514,23,1,0
BRDA:528,24,0,0
BRDA:528,24,1,0
BRDA:536,25,0,0
BRDA:536,25,1,0
BRDA:541,26,0,0
BRDA:541,26,1,0
BRDA:581,27,0,0
BRDA:581,27,1,0
BRDA:592,28,0,0
BRDA:592,28,1,0
BRDA:600,29,0,0
BRDA:600,29,1,0
BRDA:600,30,0,0
BRDA:600,30,1,0
BRDA:608,31,0,0
BRDA:608,31,1,0
BRDA:610,32,0,0
BRDA:610,32,1,0
BRDA:642,33,0,0
BRDA:642,34,0,0
BRDA:642,35,0,0
BRDA:642,36,0,0
BRDA:645,37,0,0
BRDA:645,37,1,0
BRDA:653,38,0,0
BRDA:653,38,1,0
BRDA:653,39,0,0
BRDA:653,39,1,0
BRDA:663,40,0,0
BRDA:663,40,1,0
BRDA:667,41,0,0
BRDA:667,41,1,0
BRDA:728,42,0,0
BRDA:728,42,1,0
BRDA:761,43,0,0
BRDA:761,43,1,0
BRDA:769,44,0,0
BRDA:769,44,1,0
BRDA:769,45,0,0
BRDA:769,45,1,0
BRDA:777,46,0,0
BRDA:777,46,1,0
BRDA:778,47,0,0
BRDA:778,47,1,0
BRDA:811,48,0,0
BRDA:811,48,1,0
BRDA:820,49,0,0
BRDA:820,49,1,0
BRDA:859,50,0,0
BRDA:859,50,1,0
BRDA:867,51,0,0
BRDA:867,51,1,0
BRDA:867,52,0,0
BRDA:867,52,1,0
BRDA:898,53,0,0
BRDA:898,54,0,0
BRDA:901,55,0,0
BRDA:901,55,1,0
BRDA:956,56,0,0
BRDA:956,57,0,0
BRDA:956,58,0,0
BRDA:956,59,0,0
BRDA:956,60,0,0
BRDA:961,61,0,0
BRDA:961,61,1,0
BRDA:970,62,0,0
BRDA:970,62,1,0
BRDA:981,63,0,0
BRDA:981,63,1,0
BRDA:1020,64,0,0
BRDA:1020,65,0,0
BRF:112
BRH:0
end_of_record
TN:
SF:controllers\invoiceController.js
FN:7,(anonymous_0)
FN:109,(anonymous_1)
FN:163,(anonymous_2)
FN:273,(anonymous_3)
FN:334,(anonymous_4)
FN:364,(anonymous_5)
FNF:6
FNH:0
FNDA:0,(anonymous_0)
FNDA:0,(anonymous_1)
FNDA:0,(anonymous_2)
FNDA:0,(anonymous_3)
FNDA:0,(anonymous_4)
FNDA:0,(anonymous_5)
DA:1,0
DA:2,0
DA:7,0
DA:8,0
DA:18,0
DA:20,0
DA:21,0
DA:24,0
DA:26,0
DA:27,0
DA:28,0
DA:33,0
DA:34,0
DA:36,0
DA:37,0
DA:38,0
DA:43,0
DA:48,0
DA:49,0
DA:55,0
DA:56,0
DA:59,0
DA:60,0
DA:63,0
DA:64,0
DA:67,0
DA:68,0
DA:71,0
DA:72,0
DA:76,0
DA:83,0
DA:85,0
DA:98,0
DA:99,0
DA:109,0
DA:110,0
DA:111,0
DA:113,0
DA:140,0
DA:141,0
DA:147,0
DA:152,0
DA:153,0
DA:163,0
DA:164,0
DA:188,0
DA:191,0
DA:194,0
DA:195,0
DA:196,0
DA:197,0
DA:198,0
DA:201,0
DA:229,0
DA:256,0
DA:262,0
DA:263,0
DA:273,0
DA:274,0
DA:275,0
DA:276,0
DA:278,0
DA:279,0
DA:280,0
DA:287,0
DA:290,0
DA:317,0
DA:323,0
DA:324,0
DA:334,0
DA:335,0
DA:336,0
DA:338,0
DA:339,0
DA:340,0
DA:346,0
DA:348,0
DA:353,0
DA:354,0
DA:364,0
DA:365,0
DA:366,0
DA:367,0
DA:368,0
DA:369,0
DA:372,0
DA:377,0
DA:382,0
DA:388,0
DA:401,0
DA:402,0
DA:409,0
LF:92
LH:0
BRDA:10,0,0,0
BRDA:11,1,0,0
BRDA:12,2,0,0
BRDA:13,3,0,0
BRDA:14,4,0,0
BRDA:15,5,0,0
BRDA:16,6,0,0
BRDA:17,7,0,0
BRDA:24,8,0,0
BRDA:24,8,1,0
BRDA:27,9,0,0
BRDA:27,9,1,0
BRDA:34,10,0,0
BRDA:34,10,1,0
BRDA:37,11,0,0
BRDA:37,11,1,0
BRDA:48,12,0,0
BRDA:48,12,1,0
BRDA:55,13,0,0
BRDA:55,13,1,0
BRDA:59,14,0,0
BRDA:59,14,1,0
BRDA:63,15,0,0
BRDA:63,15,1,0
BRDA:63,16,0,0
BRDA:63,16,1,0
BRDA:67,17,0,0
BRDA:67,17,1,0
BRDA:67,18,0,0
BRDA:67,18,1,0
BRDA:67,18,2,0
BRDA:71,19,0,0
BRDA:71,19,1,0
BRDA:140,20,0,0
BRDA:140,20,1,0
BRDA:194,21,0,0
BRDA:194,21,1,0
BRDA:195,22,0,0
BRDA:195,22,1,0
BRDA:195,23,0,0
BRDA:195,23,1,0
BRDA:196,24,0,0
BRDA:196,24,1,0
BRDA:196,25,0,0
BRDA:196,25,1,0
BRDA:197,26,0,0
BRDA:197,26,1,0
BRDA:197,27,0,0
BRDA:197,27,1,0
BRDA:198,28,0,0
BRDA:198,28,1,0
BRDA:279,29,0,0
BRDA:279,29,1,0
BRDA:339,30,0,0
BRDA:339,30,1,0
BRDA:395,31,0,0
BRDA:395,31,1,0
BRDA:396,32,0,0
BRDA:396,32,1,0
BRF:59
BRH:0
end_of_record
TN:
SF:controllers\patientController.js
FN:10,(anonymous_0)
FN:85,(anonymous_1)
FN:122,(anonymous_2)
FN:199,(anonymous_3)
FN:243,(anonymous_4)
FN:273,(anonymous_5)
FN:309,(anonymous_6)
FN:354,(anonymous_7)
FN:399,(anonymous_8)
FN:429,(anonymous_9)
FN:475,(anonymous_10)
FN:537,(anonymous_11)
FN:620,(anonymous_12)
FN:687,(anonymous_13)
FN:765,(anonymous_14)
FNF:15
FNH:0
FNDA:0,(anonymous_0)
FNDA:0,(anonymous_1)
FNDA:0,(anonymous_2)
FNDA:0,(anonymous_3)
FNDA:0,(anonymous_4)
FNDA:0,(anonymous_5)
FNDA:0,(anonymous_6)
FNDA:0,(anonymous_7)
FNDA:0,(anonymous_8)
FNDA:0,(anonymous_9)
FNDA:0,(anonymous_10)
FNDA:0,(anonymous_11)
FNDA:0,(anonymous_12)
FNDA:0,(anonymous_13)
FNDA:0,(anonymous_14)
DA:1,0
DA:2,0
DA:3,0
DA:4,0
DA:5,0
DA:10,0
DA:11,0
DA:19,0
DA:21,0
DA:22,0
DA:25,0
DA:26,0
DA:33,0
DA:34,0
DA:37,0
DA:38,0
DA:41,0
DA:42,0
DA:45,0
DA:59,0
DA:61,0
DA:74,0
DA:75,0
DA:85,0
DA:86,0
DA:87,0
DA:89,0
DA:99,0
DA:100,0
DA:106,0
DA:111,0
DA:112,0
DA:122,0
DA:123,0
DA:133,0
DA:136,0
DA:140,0
DA:141,0
DA:148,0
DA:161,0
DA:172,0
DA:182,0
DA:188,0
DA:189,0
DA:199,0
DA:200,0
DA:201,0
DA:202,0
DA:204,0
DA:205,0
DA:206,0
DA:213,0
DA:216,0
DA:226,0
DA:232,0
DA:233,0
DA:243,0
DA:244,0
DA:245,0
DA:247,0
DA:248,0
DA:249,0
DA:255,0
DA:257,0
DA:262,0
DA:263,0
DA:273,0
DA:274,0
DA:275,0
DA:276,0
DA:277,0
DA:278,0
DA:281,0
DA:287,0
DA:298,0
DA:299,0
DA:309,0
DA:310,0
DA:311,0
DA:313,0
DA:323,0
DA:324,0
DA:331,0
DA:332,0
DA:338,0
DA:343,0
DA:344,0
DA:354,0
DA:355,0
DA:356,0
DA:358,0
DA:368,0
DA:369,0
DA:376,0
DA:377,0
DA:383,0
DA:388,0
DA:389,0
DA:399,0
DA:400,0
DA:401,0
DA:402,0
DA:404,0
DA:408,0
DA:409,0
DA:416,0
DA:417,0
DA:424,0
DA:425,0
DA:427,0
DA:429,0
DA:430,0
DA:431,0
DA:433,0
DA:438,0
DA:439,0
DA:443,0
DA:444,0
DA:448,0
DA:458,0
DA:464,0
DA:465,0
DA:475,0
DA:476,0
DA:477,0
DA:479,0
DA:480,0
DA:486,0
DA:490,0
DA:491,0
DA:498,0
DA:499,0
DA:506,0
DA:507,0
DA:508,0
DA:509,0
DA:514,0
DA:515,0
DA:517,0
DA:526,0
DA:527,0
DA:537,0
DA:538,0
DA:539,0
DA:540,0
DA:542,0
DA:543,0
DA:544,0
DA:551,0
DA:552,0
DA:558,0
DA:559,0
DA:561,0
DA:562,0
DA:565,0
DA:566,0
DA:571,0
DA:596,0
DA:609,0
DA:610,0
DA:620,0
DA:621,0
DA:622,0
DA:623,0
DA:625,0
DA:626,0
DA:627,0
DA:634,0
DA:635,0
DA:641,0
DA:643,0
DA:663,0
DA:676,0
DA:677,0
DA:687,0
DA:688,0
DA:689,0
DA:690,0
DA:692,0
DA:693,0
DA:694,0
DA:701,0
DA:702,0
DA:708,0
DA:709,0
DA:711,0
DA:712,0
DA:715,0
DA:741,0
DA:754,0
DA:755,0
DA:765,0
DA:766,0
DA:767,0
DA:769,0
DA:770,0
DA:776,0
DA:778,0
DA:805,0
DA:818,0
DA:819,0
DA:826,0
LF:202
LH:0
BRDA:13,0,0,0
BRDA:14,1,0,0
BRDA:15,2,0,0
BRDA:16,3,0,0
BRDA:17,4,0,0
BRDA:18,5,0,0
BRDA:25,6,0,0
BRDA:25,6,1,0
BRDA:33,7,0,0
BRDA:33,7,1,0
BRDA:37,8,0,0
BRDA:37,8,1,0
BRDA:41,9,0,0
BRDA:41,9,1,0
BRDA:99,10,0,0
BRDA:99,10,1,0
BRDA:140,11,0,0
BRDA:140,11,1,0
BRDA:205,12,0,0
BRDA:205,12,1,0
BRDA:248,13,0,0
BRDA:248,13,1,0
BRDA:323,14,0,0
BRDA:323,14,1,0
BRDA:331,15,0,0
BRDA:331,15,1,0
BRDA:331,16,0,0
BRDA:331,16,1,0
BRDA:368,17,0,0
BRDA:368,17,1,0
BRDA:376,18,0,0
BRDA:376,18,1,0
BRDA:376,19,0,0
BRDA:376,19,1,0
BRDA:408,20,0,0
BRDA:408,20,1,0
BRDA:416,21,0,0
BRDA:416,21,1,0
BRDA:416,22,0,0
BRDA:416,22,1,0
BRDA:430,23,0,0
BRDA:430,23,1,0
BRDA:438,24,0,0
BRDA:438,24,1,0
BRDA:443,25,0,0
BRDA:443,25,1,0
BRDA:479,26,0,0
BRDA:479,26,1,0
BRDA:490,27,0,0
BRDA:490,27,1,0
BRDA:498,28,0,0
BRDA:498,28,1,0
BRDA:498,29,0,0
BRDA:498,29,1,0
BRDA:506,30,0,0
BRDA:506,30,1,0
BRDA:508,31,0,0
BRDA:508,31,1,0
BRDA:540,32,0,0
BRDA:540,33,0,0
BRDA:540,34,0,0
BRDA:540,35,0,0
BRDA:543,36,0,0
BRDA:543,36,1,0
BRDA:551,37,0,0
BRDA:551,37,1,0
BRDA:551,38,0,0
BRDA:551,38,1,0
BRDA:561,39,0,0
BRDA:561,39,1,0
BRDA:565,40,0,0
BRDA:565,40,1,0
BRDA:623,41,0,0
BRDA:623,42,0,0
BRDA:626,43,0,0
BRDA:626,43,1,0
BRDA:634,44,0,0
BRDA:634,44,1,0
BRDA:634,45,0,0
BRDA:634,45,1,0
BRDA:690,46,0,0
BRDA:690,47,0,0
BRDA:690,48,0,0
BRDA:693,49,0,0
BRDA:693,49,1,0
BRDA:701,50,0,0
BRDA:701,50,1,0
BRDA:701,51,0,0
BRDA:701,51,1,0
BRDA:711,52,0,0
BRDA:711,52,1,0
BRDA:767,53,0,0
BRDA:767,54,0,0
BRDA:767,55,0,0
BRDA:769,56,0,0
BRDA:769,56,1,0
BRF:96
BRH:0
end_of_record
TN:
SF:controllers\prescriptionController.js
FN:7,(anonymous_0)
FN:105,(anonymous_1)
FN:159,(anonymous_2)
FN:273,(anonymous_3)
FN:334,(anonymous_4)
FN:364,(anonymous_5)
FN:400,(anonymous_6)
FN:454,(anonymous_7)
FN:505,(anonymous_8)
FN:556,(anonymous_9)
FNF:10
FNH:0
FNDA:0,(anonymous_0)
FNDA:0,(anonymous_1)
FNDA:0,(anonymous_2)
FNDA:0,(anonymous_3)
FNDA:0,(anonymous_4)
FNDA:0,(anonymous_5)
FNDA:0,(anonymous_6)
FNDA:0,(anonymous_7)
FNDA:0,(anonymous_8)
FNDA:0,(anonymous_9)
DA:1,0
DA:2,0
DA:7,0
DA:8,0
DA:17,0
DA:19,0
DA:20,0
DA:23,0
DA:25,0
DA:26,0
DA:27,0
DA:32,0
DA:33,0
DA:35,0
DA:36,0
DA:37,0
DA:42,0
DA:47,0
DA:48,0
DA:55,0
DA:56,0
DA:59,0
DA:60,0
DA:63,0
DA:64,0
DA:67,0
DA:68,0
DA:72,0
DA:79,0
DA:81,0
DA:94,0
DA:95,0
DA:105,0
DA:106,0
DA:107,0
DA:109,0
DA:136,0
DA:137,0
DA:143,0
DA:148,0
DA:149,0
DA:159,0
DA:160,0
DA:190,0
DA:193,0
DA:196,0
DA:229,0
DA:256,0
DA:262,0
DA:263,0
DA:273,0
DA:274,0
DA:275,0
DA:276,0
DA:278,0
DA:279,0
DA:280,0
DA:287,0
DA:290,0
DA:317,0
DA:323,0
DA:324,0
DA:334,0
DA:335,0
DA:336,0
DA:338,0
DA:339,0
DA:340,0
DA:346,0
DA:348,0
DA:353,0
DA:354,0
DA:364,0
DA:365,0
DA:366,0
DA:367,0
DA:368,0
DA:369,0
DA:372,0
DA:378,0
DA:389,0
DA:390,0
DA:400,0
DA:401,0
DA:402,0
DA:404,0
DA:431,0
DA:432,0
DA:438,0
DA:443,0
DA:444,0
DA:454,0
DA:455,0
DA:456,0
DA:457,0
DA:459,0
DA:461,0
DA:481,0
DA:494,0
DA:495,0
DA:505,0
DA:506,0
DA:507,0
DA:508,0
DA:510,0
DA:512,0
DA:532,0
DA:545,0
DA:546,0
DA:556,0
DA:557,0
DA:558,0
DA:560,0
DA:561,0
DA:567,0
DA:569,0
DA:606,0
DA:619,0
DA:620,0
DA:627,0
LF:120
LH:0
BRDA:10,0,0,0
BRDA:11,1,0,0
BRDA:12,2,0,0
BRDA:13,3,0,0
BRDA:14,4,0,0
BRDA:15,5,0,0
BRDA:16,6,0,0
BRDA:23,7,0,0
BRDA:23,7,1,0
BRDA:26,8,0,0
BRDA:26,8,1,0
BRDA:33,9,0,0
BRDA:33,9,1,0
BRDA:36,10,0,0
BRDA:36,10,1,0
BRDA:47,11,0,0
BRDA:47,11,1,0
BRDA:55,12,0,0
BRDA:55,12,1,0
BRDA:59,13,0,0
BRDA:59,13,1,0
BRDA:59,14,0,0
BRDA:59,14,1,0
BRDA:63,15,0,0
BRDA:63,15,1,0
BRDA:63,16,0,0
BRDA:63,16,1,0
BRDA:63,16,2,0
BRDA:67,17,0,0
BRDA:67,17,1,0
BRDA:136,18,0,0
BRDA:136,18,1,0
BRDA:279,19,0,0
BRDA:279,19,1,0
BRDA:339,20,0,0
BRDA:339,20,1,0
BRDA:431,21,0,0
BRDA:431,21,1,0
BRDA:457,22,0,0
BRDA:457,23,0,0
BRDA:508,24,0,0
BRDA:508,25,0,0
BRDA:558,26,0,0
BRDA:558,27,0,0
BRDA:558,28,0,0
BRDA:560,29,0,0
BRDA:560,29,1,0
BRF:47
BRH:0
end_of_record
TN:
SF:controllers\reviewController.js
FN:3,(anonymous_0)
FN:12,(anonymous_1)
FN:22,(anonymous_2)
FN:31,(anonymous_3)
FN:42,(anonymous_4)
FNF:5
FNH:0
FNDA:0,(anonymous_0)
FNDA:0,(anonymous_1)
FNDA:0,(anonymous_2)
FNDA:0,(anonymous_3)
FNDA:0,(anonymous_4)
DA:1,0
DA:3,0
DA:4,0
DA:5,0
DA:6,0
DA:8,0
DA:12,0
DA:13,0
DA:14,0
DA:15,0
DA:16,0
DA:18,0
DA:22,0
DA:23,0
DA:24,0
DA:25,0
DA:27,0
DA:31,0
DA:32,0
DA:33,0
DA:34,0
DA:35,0
DA:36,0
DA:38,0
DA:42,0
DA:43,0
DA:44,0
DA:45,0
DA:46,0
DA:48,0
LF:30
LH:0
BRDA:15,0,0,0
BRDA:15,0,1,0
BRDA:34,1,0,0
BRDA:34,1,1,0
BRDA:45,2,0,0
BRDA:45,2,1,0
BRF:6
BRH:0
end_of_record
TN:
SF:models\Appointment.js
FN:202,(anonymous_0)
FN:207,(anonymous_1)
FN:214,(anonymous_2)
FN:221,(anonymous_3)
FN:228,(anonymous_4)
FN:233,(anonymous_5)
FN:240,(anonymous_6)
FN:247,(anonymous_7)
FNF:8
FNH:0
FNDA:0,(anonymous_0)
FNDA:0,(anonymous_1)
FNDA:0,(anonymous_2)
FNDA:0,(anonymous_3)
FNDA:0,(anonymous_4)
FNDA:0,(anonymous_5)
FNDA:0,(anonymous_6)
FNDA:0,(anonymous_7)
DA:1,1
DA:2,1
DA:4,1
DA:202,1
DA:203,0
DA:207,1
DA:208,0
DA:209,0
DA:210,0
DA:214,1
DA:215,0
DA:216,0
DA:217,0
DA:221,1
DA:222,0
DA:223,0
DA:224,0
DA:228,1
DA:229,0
DA:233,1
DA:234,0
DA:235,0
DA:236,0
DA:240,1
DA:241,0
DA:242,0
DA:243,0
DA:247,1
DA:248,0
DA:249,0
DA:250,0
DA:251,0
DA:253,0
DA:256,1
LF:34
LH:12
BRDA:229,0,0,0
BRDA:229,0,1,0
BRDA:235,1,0,0
BRDA:235,1,1,0
BRDA:253,2,0,0
BRDA:253,2,1,0
BRF:6
BRH:0
end_of_record
TN:
SF:models\Department.js
FNF:0
FNH:0
DA:1,1
DA:2,1
DA:4,1
DA:32,1
LF:4
LH:4
BRF:0
BRH:0
end_of_record
TN:
SF:models\Doctor.js
FN:172,(anonymous_0)
FN:180,(anonymous_1)
FN:186,(anonymous_2)
FN:191,(anonymous_3)
FNF:4
FNH:0
FNDA:0,(anonymous_0)
FNDA:0,(anonymous_1)
FNDA:0,(anonymous_2)
FNDA:0,(anonymous_3)
DA:1,1
DA:2,1
DA:4,1
DA:172,1
DA:173,0
DA:174,0
DA:176,0
DA:180,1
DA:181,0
DA:182,0
DA:186,1
DA:187,0
DA:191,1
DA:192,0
DA:193,0
DA:194,0
DA:195,0
DA:196,0
DA:197,0
DA:200,1
LF:20
LH:8
BRDA:173,0,0,0
BRDA:173,0,1,0
BRDA:181,1,0,0
BRDA:181,1,1,0
BRDA:182,2,0,0
BRDA:182,2,1,0
BRDA:187,3,0,0
BRDA:187,3,1,0
BRDA:192,4,0,0
BRDA:192,4,1,0
BRDA:192,5,0,0
BRDA:192,5,1,0
BRF:12
BRH:0
end_of_record
TN:
SF:models\Invoice.js
FN:282,(anonymous_0)
FN:292,(anonymous_1)
FN:299,(anonymous_2)
FN:307,(anonymous_3)
FN:312,(anonymous_4)
FN:319,(anonymous_5)
FN:328,(anonymous_6)
FN:337,(anonymous_7)
FNF:8
FNH:0
FNDA:0,(anonymous_0)
FNDA:0,(anonymous_1)
FNDA:0,(anonymous_2)
FNDA:0,(anonymous_3)
FNDA:0,(anonymous_4)
FNDA:0,(anonymous_5)
FNDA:0,(anonymous_6)
FNDA:0,(anonymous_7)
DA:1,1
DA:2,1
DA:4,1
DA:282,1
DA:283,0
DA:284,0
DA:285,0
DA:286,0
DA:288,0
DA:292,1
DA:293,0
DA:294,0
DA:295,0
DA:299,1
DA:300,0
DA:301,0
DA:302,0
DA:303,0
DA:307,1
DA:308,0
DA:312,1
DA:313,0
DA:314,0
DA:315,0
DA:319,1
DA:320,0
DA:321,0
DA:322,0
DA:323,0
DA:324,0
DA:328,1
DA:329,0
DA:330,0
DA:331,0
DA:332,0
DA:333,0
DA:337,1
DA:338,0
DA:339,0
DA:340,0
DA:341,0
DA:344,1
LF:42
LH:12
BRDA:283,0,0,0
BRDA:283,0,1,0
BRDA:284,1,0,0
BRDA:284,1,1,0
BRDA:285,2,0,0
BRDA:285,2,1,0
BRDA:286,3,0,0
BRDA:286,3,1,0
BRDA:294,4,0,0
BRDA:294,4,1,0
BRDA:300,5,0,0
BRDA:300,5,1,0
BRDA:303,6,0,0
BRDA:303,6,1,0
BRDA:308,7,0,0
BRDA:308,7,1,0
BRDA:314,8,0,0
BRDA:314,8,1,0
BRDA:315,9,0,0
BRDA:315,9,1,0
BRDA:320,10,0,0
BRDA:320,10,1,0
BRDA:329,11,0,0
BRDA:329,11,1,0
BRDA:332,12,0,0
BRDA:332,12,1,0
BRDA:339,13,0,0
BRDA:339,13,1,0
BRDA:340,14,0,0
BRDA:340,14,1,0
BRF:30
BRH:0
end_of_record
TN:
SF:models\Patient.js
FNF:0
FNH:0
DA:1,1
DA:2,1
DA:4,1
DA:47,1
LF:4
LH:4
BRF:0
BRH:0
end_of_record
TN:
SF:models\Prescription.js
FN:223,(anonymous_0)
FN:228,(anonymous_1)
FN:236,(anonymous_2)
FN:241,(anonymous_3)
FN:248,(anonymous_4)
FN:255,(anonymous_5)
FN:265,(anonymous_6)
FNF:7
FNH:0
FNDA:0,(anonymous_0)
FNDA:0,(anonymous_1)
FNDA:0,(anonymous_2)
FNDA:0,(anonymous_3)
FNDA:0,(anonymous_4)
FNDA:0,(anonymous_5)
FNDA:0,(anonymous_6)
DA:1,1
DA:2,1
DA:4,1
DA:223,1
DA:224,0
DA:228,1
DA:229,0
DA:230,0
DA:231,0
DA:232,0
DA:236,1
DA:237,0
DA:241,1
DA:242,0
DA:243,0
DA:244,0
DA:248,1
DA:249,0
DA:250,0
DA:251,0
DA:255,1
DA:256,0
DA:257,0
DA:259,0
DA:260,0
DA:261,0
DA:265,1
DA:266,0
DA:269,1
LF:29
LH:11
BRDA:229,0,0,0
BRDA:229,0,1,0
BRDA:237,1,0,0
BRDA:237,1,1,0
BRDA:243,2,0,0
BRDA:243,2,1,0
BRDA:256,3,0,0
BRDA:256,3,1,0
BRDA:257,4,0,0
BRDA:257,4,1,0
BRDA:266,5,0,0
BRDA:266,5,1,0
BRF:12
BRH:0
end_of_record
TN:
SF:models\Review.js
FN:222,(anonymous_0)
FN:224,(anonymous_1)
FN:226,(anonymous_2)
FN:230,(anonymous_3)
FN:235,(anonymous_4)
FN:240,(anonymous_5)
FN:245,(anonymous_6)
FN:252,(anonymous_7)
FN:257,(anonymous_8)
FN:262,(anonymous_9)
FN:267,(anonymous_10)
FN:272,(anonymous_11)
FN:279,(anonymous_12)
FN:284,(anonymous_13)
FNF:14
FNH:0
FNDA:0,(anonymous_0)
FNDA:0,(anonymous_1)
FNDA:0,(anonymous_2)
FNDA:0,(anonymous_3)
FNDA:0,(anonymous_4)
FNDA:0,(anonymous_5)
FNDA:0,(anonymous_6)
FNDA:0,(anonymous_7)
FNDA:0,(anonymous_8)
FNDA:0,(anonymous_9)
FNDA:0,(anonymous_10)
FNDA:0,(anonymous_11)
FNDA:0,(anonymous_12)
FNDA:0,(anonymous_13)
DA:1,1
DA:2,1
DA:4,1
DA:222,1
DA:223,0
DA:224,0
DA:225,0
DA:226,0
DA:230,1
DA:231,0
DA:235,1
DA:236,0
DA:240,1
DA:241,0
DA:245,1
DA:246,0
DA:247,0
DA:248,0
DA:252,1
DA:253,0
DA:257,1
DA:258,0
DA:262,1
DA:263,0
DA:267,1
DA:268,0
DA:272,1
DA:273,0
DA:274,0
DA:275,0
DA:279,1
DA:280,0
DA:284,1
DA:285,0
DA:286,0
DA:287,0
DA:288,0
DA:290,0
DA:291,0
DA:292,0
DA:293,0
DA:294,0
DA:297,1
LF:43
LH:16
BRDA:223,0,0,0
BRDA:223,0,1,0
BRDA:225,1,0,0
BRDA:225,1,1,0
BRDA:247,2,0,0
BRDA:247,2,1,0
BRDA:273,3,0,0
BRDA:273,3,1,0
BRDA:274,4,0,0
BRDA:274,4,1,0
BRDA:290,5,0,0
BRDA:290,5,1,0
BRDA:291,6,0,0
BRDA:291,6,1,0
BRDA:292,7,0,0
BRDA:292,7,1,0
BRDA:293,8,0,0
BRDA:293,8,1,0
BRF:18
BRH:0
end_of_record
TN:
SF:models\User.js
FN:177,(anonymous_0)
FN:182,(anonymous_1)
FN:191,(anonymous_2)
FN:196,(anonymous_3)
FN:201,(anonymous_4)
FN:206,(anonymous_5)
FN:211,(anonymous_6)
FNF:7
FNH:0
FNDA:0,(anonymous_0)
FNDA:0,(anonymous_1)
FNDA:0,(anonymous_2)
FNDA:0,(anonymous_3)
FNDA:0,(anonymous_4)
FNDA:0,(anonymous_5)
FNDA:0,(anonymous_6)
DA:1,1
DA:2,1
DA:3,1
DA:5,1
DA:178,0
DA:179,0
DA:183,0
DA:184,0
DA:191,1
DA:192,0
DA:196,1
DA:197,0
DA:201,1
DA:202,0
DA:206,1
DA:207,0
DA:211,1
DA:212,0
DA:215,1
LF:19
LH:10
BRDA:178,0,0,0
BRDA:178,0,1,0
BRDA:183,1,0,0
BRDA:183,1,1,0
BRF:4
BRH:0
end_of_record
TN:
SF:models\index.js
FNF:0
FNH:0
DA:1,1
DA:4,1
DA:5,1
DA:6,1
DA:7,1
DA:8,1
DA:9,1
DA:10,1
DA:11,1
DA:16,1
DA:22,1
DA:29,1
DA:35,1
DA:41,1
DA:47,1
DA:53,1
DA:60,1
DA:66,1
DA:71,1
DA:77,1
DA:83,1
DA:89,1
DA:96,1
DA:102,1
DA:109,1
DA:114,1
DA:119,1
DA:124,1
DA:130,1
DA:137,1
DA:142,1
DA:147,1
DA:153,1
DA:158,1
DA:163,1
DA:169,1
DA:174,1
DA:179,1
DA:185,1
LF:39
LH:39
BRF:0
BRH:0
end_of_record
